#
# There is insufficient memory for the Java Runtime Environment to continue.
# Native memory allocation (mmap) failed to map 96468992 bytes. Error detail: G1 virtual space
# Possible reasons:
#   The system is out of physical RAM or swap space
#   This process is running with CompressedOops enabled, and the Java Heap may be blocking the growth of the native heap
# Possible solutions:
#   Reduce memory load on the system
#   Increase physical memory or swap space
#   Check if swap backing store is full
#   Decrease Java heap size (-Xmx/-Xms)
#   Decrease number of Java threads
#   Decrease Java thread stack sizes (-Xss)
#   Set larger code cache with -XX:ReservedCodeCacheSize=
#   JVM is running with Unscaled Compressed Oops mode in which the Java heap is
#     placed in the first 4GB address space. The Java Heap base address is the
#     maximum limit for the native heap growth. Please use -XX:HeapBaseMinAddress
#     to set the Java Heap base and to place the Java Heap above 4GB virtual address.
# This output file may be truncated or incomplete.
#
#  Out of Memory Error (os_windows.cpp:3631), pid=117928, tid=121552
#
# JRE version:  (22.0.1+8) (build )
# Java VM: Java HotSpot(TM) 64-Bit Server VM (22.0.1+8-16, mixed mode, sharing, tiered, compressed oops, compressed class ptrs, g1 gc, windows-amd64)
# No core dump will be written. Minidumps are not enabled by default on client versions of Windows
#

---------------  S U M M A R Y ------------

Command Line: 

Host: AMD Ryzen 3 7320U with Radeon Graphics         , 8 cores, 5G,  Windows 11 , 64 bit Build 26100 (10.0.26100.4768)
Time: Wed Aug 27 14:04:46 2025 SE Asia Standard Time elapsed time: 1.100729 seconds (0d 0h 0m 1s)

---------------  T H R E A D  ---------------

Current thread (0x00000205c78e3820):  JavaThread "Unknown thread" [_thread_in_vm, id=121552, stack(0x0000000aa1a00000,0x0000000aa1b00000) (1024K)]

Stack: [0x0000000aa1a00000,0x0000000aa1b00000]
Native frames: (J=compiled Java code, j=interpreted, Vv=VM code, C=native code)
V  [jvm.dll+0x6e2279]  (no source info available)
V  [jvm.dll+0x874e33]  (no source info available)
V  [jvm.dll+0x87725e]  (no source info available)
V  [jvm.dll+0x877933]  (no source info available)
V  [jvm.dll+0x27fd76]  (no source info available)
V  [jvm.dll+0x6de915]  (no source info available)
V  [jvm.dll+0x6d341a]  (no source info available)
V  [jvm.dll+0x3589da]  (no source info available)
V  [jvm.dll+0x360f06]  (no source info available)
V  [jvm.dll+0x3b3e2e]  (no source info available)
V  [jvm.dll+0x3b40d8]  (no source info available)
V  [jvm.dll+0x32c59c]  (no source info available)
V  [jvm.dll+0x32d158]  (no source info available)
V  [jvm.dll+0x83ccdc]  (no source info available)
V  [jvm.dll+0x3c0d71]  (no source info available)
V  [jvm.dll+0x825ccc]  (no source info available)
V  [jvm.dll+0x45b8fe]  (no source info available)
V  [jvm.dll+0x45d781]  (no source info available)
C  [jli.dll+0x52a3]  (no source info available)
C  [ucrtbase.dll+0x37b0]  (no source info available)
C  [KERNEL32.DLL+0x2e8d7]  (no source info available)
C  [ntdll.dll+0x3c34c]  (no source info available)


---------------  P R O C E S S  ---------------

Threads class SMR info:
_java_thread_list=0x00007ffd89d5b1c8, length=0, elements={
}

Java Threads: ( => current thread )
Total: 0

Other Threads:
  0x00000205c9aefdf0 WorkerThread "GC Thread#0"                     [id=121084, stack(0x0000000aa1b00000,0x0000000aa1c00000) (1024K)]
  0x00000205c9afd5b0 ConcurrentGCThread "G1 Main Marker"            [id=120496, stack(0x0000000aa1c00000,0x0000000aa1d00000) (1024K)]
  0x00000205c9afefe0 WorkerThread "G1 Conc#0"                       [id=118780, stack(0x0000000aa1d00000,0x0000000aa1e00000) (1024K)]

[error occurred during error reporting (printing all threads), id 0xc0000005, EXCEPTION_ACCESS_VIOLATION (0xc0000005) at pc=0x00007ffd894af367]
VM state: not at safepoint (not fully initialized)

VM Mutex/Monitor currently owned by a thread:  ([mutex/lock_event])
[0x00007ffd89ddbcb8] Heap_lock - owner thread: 0x00000205c78e3820

Heap address: 0x00000000a4200000, size: 1470 MB, Compressed Oops mode: 32-bit

CDS archive(s) mapped at: [0x0000000000000000-0x0000000000000000-0x0000000000000000), size 0, SharedBaseAddress: 0x0000000800000000, ArchiveRelocationMode: 1.
Narrow klass base: 0x0000000000000000, Narrow klass shift: 0, Narrow klass range: 0x0

GC Precious Log:
 CardTable entry size: 512
 Card Set container configuration: InlinePtr #cards 5 size 8 Array Of Cards #cards 12 size 40 Howl #buckets 4 coarsen threshold 1843 Howl Bitmap #cards 512 size 80 coarsen threshold 460 Card regions per heap region 1 cards per card region 2048

Heap:
 garbage-first heap   total reserved 1505280K, committed 0K, used 0K [0x00000000a4200000, 0x0000000100000000)
  region size 1024K, 0 young (0K), 0 survivors (0K)

[error occurred during error reporting (printing heap information), id 0xc0000005, EXCEPTION_ACCESS_VIOLATION (0xc0000005) at pc=0x00007ffd898ae429]
GC Heap History (0 events):
No events

Dll operation events (1 events):
Event: 0.011 Loaded shared library C:\Program Files\Java\jdk-22\bin\java.dll

Deoptimization events (0 events):
No events

Classes loaded (0 events):
No events

Classes unloaded (0 events):
No events

Classes redefined (0 events):
No events

Internal exceptions (0 events):
No events

ZGC Phase Switch (0 events):
No events

VM Operations (0 events):
No events

Events (0 events):
No events


Dynamic libraries:
0x00007ff74e570000 - 0x00007ff74e580000 	C:\Program Files\Java\jdk-22\bin\java.exe
0x00007ffe1e140000 - 0x00007ffe1e3a7000 	C:\WINDOWS\SYSTEM32\ntdll.dll
0x00007ffe1c4c0000 - 0x00007ffe1c589000 	C:\WINDOWS\System32\KERNEL32.DLL
0x00007ffe1b540000 - 0x00007ffe1b930000 	C:\WINDOWS\System32\KERNELBASE.dll
0x00007ffe1b3f0000 - 0x00007ffe1b53b000 	C:\WINDOWS\System32\ucrtbase.dll
0x00007ffe14ad0000 - 0x00007ffe14aeb000 	C:\Program Files\Java\jdk-22\bin\VCRUNTIME140.dll
0x00007ffe15c40000 - 0x00007ffe15c57000 	C:\Program Files\Java\jdk-22\bin\jli.dll
0x00007ffe1d080000 - 0x00007ffe1d134000 	C:\WINDOWS\System32\ADVAPI32.dll
0x00007ffe1c0a0000 - 0x00007ffe1c149000 	C:\WINDOWS\System32\msvcrt.dll
0x00007ffe1d150000 - 0x00007ffe1d1f6000 	C:\WINDOWS\System32\sechost.dll
0x00007ffe1da00000 - 0x00007ffe1db18000 	C:\WINDOWS\System32\RPCRT4.dll
0x00007ffe1bed0000 - 0x00007ffe1c095000 	C:\WINDOWS\System32\USER32.dll
0x00007ffe041b0000 - 0x00007ffe0444a000 	C:\WINDOWS\WinSxS\amd64_microsoft.windows.common-controls_6595b64144ccf1df_6.0.26100.4768_none_3e0c112ce331287c\COMCTL32.dll
0x00007ffe1bdf0000 - 0x00007ffe1be17000 	C:\WINDOWS\System32\win32u.dll
0x00007ffe1d050000 - 0x00007ffe1d07b000 	C:\WINDOWS\System32\GDI32.dll
0x00007ffe1bc10000 - 0x00007ffe1bd48000 	C:\WINDOWS\System32\gdi32full.dll
0x00007ffe1be20000 - 0x00007ffe1bec3000 	C:\WINDOWS\System32\msvcp_win.dll
0x00007ffe189d0000 - 0x00007ffe189db000 	C:\WINDOWS\SYSTEM32\VERSION.dll
0x00007ffe1d720000 - 0x00007ffe1d74f000 	C:\WINDOWS\System32\IMM32.DLL
0x00007ffe161e0000 - 0x00007ffe161ec000 	C:\Program Files\Java\jdk-22\bin\vcruntime140_1.dll
0x00007ffdcf220000 - 0x00007ffdcf2ae000 	C:\Program Files\Java\jdk-22\bin\msvcp140.dll
0x00007ffd89170000 - 0x00007ffd89eb7000 	C:\Program Files\Java\jdk-22\bin\server\jvm.dll
0x00007ffe1c590000 - 0x00007ffe1c604000 	C:\WINDOWS\System32\WS2_32.dll
0x00007ffe1b0d0000 - 0x00007ffe1b12e000 	C:\WINDOWS\SYSTEM32\POWRPROF.dll
0x00007ffe0fbf0000 - 0x00007ffe0fc25000 	C:\WINDOWS\SYSTEM32\WINMM.dll
0x00007ffe1b0b0000 - 0x00007ffe1b0c4000 	C:\WINDOWS\SYSTEM32\UMPDC.dll
0x00007ffe19ff0000 - 0x00007ffe1a00b000 	C:\WINDOWS\SYSTEM32\kernel.appcore.dll
0x00007ffe15c30000 - 0x00007ffe15c3a000 	C:\Program Files\Java\jdk-22\bin\jimage.dll
0x00007ffe17ed0000 - 0x00007ffe18111000 	C:\WINDOWS\SYSTEM32\DBGHELP.DLL
0x00007ffe1d200000 - 0x00007ffe1d585000 	C:\WINDOWS\System32\combase.dll
0x00007ffe1cf40000 - 0x00007ffe1d020000 	C:\WINDOWS\System32\OLEAUT32.dll
0x00007ffe019f0000 - 0x00007ffe01a33000 	C:\WINDOWS\SYSTEM32\dbgcore.DLL
0x00007ffe1bd50000 - 0x00007ffe1bde9000 	C:\WINDOWS\System32\bcryptPrimitives.dll
0x00007ffe0c7b0000 - 0x00007ffe0c7ce000 	C:\Program Files\Java\jdk-22\bin\java.dll
0x00007ffe1c640000 - 0x00007ffe1cd8d000 	C:\WINDOWS\System32\SHELL32.dll
0x00007ffe1b270000 - 0x00007ffe1b3e3000 	C:\WINDOWS\System32\wintypes.dll
0x00007ffe1cd90000 - 0x00007ffe1cf30000 	C:\WINDOWS\System32\ole32.dll

dbghelp: loaded successfully - version: 4.0.5 - missing functions: none
symbol engine: initialized successfully - sym options: 0x614 - pdb path: .;C:\Program Files\Java\jdk-22\bin;C:\WINDOWS\SYSTEM32;C:\WINDOWS\WinSxS\amd64_microsoft.windows.common-controls_6595b64144ccf1df_6.0.26100.4768_none_3e0c112ce331287c;C:\Program Files\Java\jdk-22\bin\server

VM Arguments:
java_command: <unknown>
java_class_path (initial): <not set>
Launcher Type: SUN_STANDARD

[Global flags]
     intx CICompilerCount                          = 4                                         {product} {ergonomic}
     uint ConcGCThreads                            = 2                                         {product} {ergonomic}
     uint G1ConcRefinementThreads                  = 8                                         {product} {ergonomic}
   size_t G1HeapRegionSize                         = 1048576                                   {product} {ergonomic}
   size_t InitialHeapSize                          = 96468992                                  {product} {ergonomic}
   size_t MarkStackSize                            = 4194304                                   {product} {ergonomic}
   size_t MaxHeapSize                              = 1541406720                                {product} {ergonomic}
   size_t MinHeapDeltaBytes                        = 1048576                                   {product} {ergonomic}
   size_t MinHeapSize                              = 8388608                                   {product} {ergonomic}
    uintx NonNMethodCodeHeapSize                   = 5839372                                {pd product} {ergonomic}
    uintx NonProfiledCodeHeapSize                  = 122909434                              {pd product} {ergonomic}
    uintx ProfiledCodeHeapSize                     = 122909434                              {pd product} {ergonomic}
    uintx ReservedCodeCacheSize                    = 251658240                              {pd product} {ergonomic}
     bool SegmentedCodeCache                       = true                                      {product} {ergonomic}
   size_t SoftMaxHeapSize                          = 1541406720                             {manageable} {ergonomic}
     bool UseCompressedOops                        = true                           {product lp64_product} {ergonomic}
     bool UseG1GC                                  = true                                      {product} {ergonomic}
     bool UseLargePagesIndividualAllocation        = false                                  {pd product} {ergonomic}

Logging:
Log output configuration:
 #0: stdout all=warning uptime,level,tags foldmultilines=false
 #1: stderr all=off uptime,level,tags foldmultilines=false

Environment Variables:
PATH=C:\Users\grizelda\mobile-react\node_modules\.bin;C:\Users\grizelda\mobile-react\node_modules\.bin;C:\Users\grizelda\node_modules\.bin;C:\Users\node_modules\.bin;C:\node_modules\.bin;C:\Program Files\nodejs\node_modules\npm\node_modules\@npmcli\run-script\lib\node-gyp-bin;C:\Program Files\Common Files\Oracle\Java\javapath;C:\WINDOWS\system32;C:\WINDOWS;C:\WINDOWS\System32\Wbem;C:\WINDOWS\System32\WindowsPowerShell\v1.0\;C:\WINDOWS\System32\OpenSSH\;C:\Program Files\Git\cmd;C:\laragon\bin\php\php-8.3.16-Win32-vs16-x64;C:\ProgramData\ComposerSetup\bin;C:\Program Files\nodejs\;C:\Users\grizelda\AppData\Local\Android\Sdk\platform-tools;C:\laragon\bin;C:\laragon\bin\apache\httpd-2.4.54-win64-VS16\bin;C:\laragon\bin\composer;C:\laragon\bin\git\bin;C:\laragon\bin\git\cmd;C:\laragon\bin\git\mingw64\bin;C:\laragon\bin\git\usr\bin;C:\laragon\bin\laragon\utils;C:\laragon\bin\mysql\mysql-8.0.30-winx64\bin;C:\laragon\bin\nginx\nginx-1.22.0;C:\laragon\bin\ngrok;C:\laragon\bin\nodejs\node-v18;C:\laragon\bin\notepad++;C:\laragon\bin\php\php-8.3.16-Win32-vs16-x64;C:\laragon\bin\python\python-3.10;C:\laragon\bin\python\python-3.10\Scripts;C:\laragon\bin\redis\redis-x64-5.0.14.1;C:\laragon\bin\telnet;C:\laragon\usr\bin;C:\Users\grizelda\AppData\Local\Yarn\config\global\node_modules\.bin;C:\Users\grizelda\AppData\Roaming\Composer\vendor\bin;C:\Users\grizelda\AppData\Local\Microsoft\WindowsApps;C:\src\bin\flutter\bin;C:\Users\grizelda\AppData\Local\Programs\Microsoft VS Code\bin;C:\Users\grizelda\AppData\Roaming\npm;;%USERPROFILE%\AppData\Local\Microsoft\WindowsApps
USERNAME=grizelda
OS=Windows_NT
PROCESSOR_IDENTIFIER=AMD64 Family 23 Model 160 Stepping 0, AuthenticAMD
TMP=C:\Users\grizelda\AppData\Local\Temp
TEMP=C:\Users\grizelda\AppData\Local\Temp




Periodic native trim disabled

---------------  S Y S T E M  ---------------

OS:
 Windows 11 , 64 bit Build 26100 (10.0.26100.4768)
OS uptime: 1 days 23:31 hours
Hyper-V role detected

CPU: total 8 (initial active 8) (8 cores per cpu, 2 threads per core) family 23 model 160 stepping 0 microcode 0x8a00006, cx8, cmov, fxsr, ht, mmx, 3dnowpref, sse, sse2, sse3, ssse3, sse4a, sse4.1, sse4.2, popcnt, lzcnt, tsc, tscinvbit, avx, avx2, aes, clmul, bmi1, bmi2, adx, sha, fma, vzeroupper, clflush, clflushopt, hv, rdtscp, rdpid, f16c
Processor Information for all 8 processors :
  Max Mhz: 2401, Current Mhz: 2401, Mhz Limit: 2401

Memory: 4k page, system-wide physical 5877M (208M free)
TotalPageFile size 24309M (AvailPageFile size 40M)
current process WorkingSet (physical memory assigned to process): 13M, peak: 13M
current process commit charge ("private bytes"): 60M, peak: 152M

vm_info: Java HotSpot(TM) 64-Bit Server VM (22.0.1+8-16) for windows-amd64 JRE (22.0.1+8-16), built on 2024-03-12T10:33:16Z by "mach5one" with MS VC++ 17.6 (VS2022)

END.
